<?xml version="1.0" encoding="UTF-8"?>
<!-- Generated by org.testng.reporters.JUnitReportReporter -->
<testsuite skipped="0" hostname="sai-PC" name="driverfactory.Pomdatadriven" tests="1" failures="0" timestamp="3 Dec 2019 11:57:05 GMT" time="56.229" errors="0">
  <testcase name="Verifyempcreation" time="56.229" classname="driverfactory.Pomdatadriven"/>
</testsuite> <!-- driverfactory.Pomdatadriven -->
