<?xml version="1.0" encoding="UTF-8"?>
<!-- Generated by org.testng.reporters.JUnitReportReporter -->
<testsuite skipped="0" hostname="sai-PC" name="driverfactory.Datadrivenframework" tests="1" failures="0" timestamp="27 Nov 2019 13:52:26 GMT" time="131.214" errors="0">
  <testcase name="verifyLogin" time="131.214" classname="driverfactory.Datadrivenframework"/>
</testsuite> <!-- driverfactory.Datadrivenframework -->
